<?xml version="1.0" encoding="UTF-8"?>
<!-- Generated by org.testng.reporters.JUnitReportReporter -->
<testsuite skipped="0" hostname="HOME-PC" name="com.ATQA2020Lagoshin.FirstWebTests" tests="5" failures="0" timestamp="27 дек 2020 10:42:58 GMT" time="129.205" errors="0">
  <testcase name="mainUrlTest" time="23.312" classname="com.ATQA2020Lagoshin.FirstWebTests"/>
  <testcase name="newTestSecond" time="22.262" classname="com.ATQA2020Lagoshin.FirstWebTests"/>
  <testcase name="newTestThird" time="25.253" classname="com.ATQA2020Lagoshin.FirstWebTests"/>
  <testcase name="newTestFourth" time="28.962" classname="com.ATQA2020Lagoshin.FirstWebTests"/>
  <testcase name="newTestFifth" time="29.416" classname="com.ATQA2020Lagoshin.FirstWebTests"/>
</testsuite> <!-- com.ATQA2020Lagoshin.FirstWebTests -->
