<?xml version="1.0" encoding="UTF-8"?>
<!-- Generated by org.testng.reporters.JUnitReportReporter -->
<testsuite skipped="0" hostname="HOME-PC" name="com.ATQA2020Lagoshin.AppTest" tests="1" failures="0" timestamp="27 дек 2020 10:42:58 GMT" time="0.007" errors="0">
  <testcase name="shouldAnswerWithTrue" time="0.007" classname="com.ATQA2020Lagoshin.AppTest"/>
</testsuite> <!-- com.ATQA2020Lagoshin.AppTest -->
